<?xml version="1.0" encoding="UTF-8"?>
<!-- Generated by org.testng.reporters.JUnitReportReporter -->
<testsuite hostname="Diksha" failures="0" tests="2" name="DesignFramework.Tests.Test1" time="11.986" errors="0" timestamp="13 Jun 2024 17:03:10 GMT" skipped="0">
  <testcase classname="DesignFramework.Tests.Test1" name="submitOrder" time="6.091"/>
  <testcase classname="DesignFramework.Tests.Test1" name="submitOrder" time="5.895"/>
</testsuite> <!-- DesignFramework.Tests.Test1 -->
