<?xml version="1.0" encoding="UTF-8"?>
<!-- Generated by org.testng.reporters.JUnitReportReporter -->
<testsuite hostname="Diksha" failures="0" tests="2" name="DesignFramework.Tests.Test1" time="13.298" errors="0" timestamp="14 Jun 2024 03:36:17 GMT" skipped="0">
  <testcase classname="DesignFramework.Tests.Test1" name="submitOrder" time="6.207"/>
  <testcase classname="DesignFramework.Tests.Test1" name="submitOrder" time="7.091"/>
</testsuite> <!-- DesignFramework.Tests.Test1 -->
